2024-11-17 22:14:53.541 GMT [1] LOG:  starting PostgreSQL 17.0 (Debian 17.0-1.pgdg120+1) on x86_64-pc-linux-gnu, compiled by gcc (Debian 12.2.0-14) 12.2.0, 64-bit
2024-11-17 22:14:53.542 GMT [1] LOG:  listening on IPv6 address "::1", port 5432
2024-11-17 22:14:53.542 GMT [1] LOG:  listening on IPv4 address "127.0.0.1", port 5432
2024-11-17 22:14:53.559 GMT [1] LOG:  listening on Unix socket "/var/run/postgresql/.s.PGSQL.5432"
2024-11-17 22:14:53.620 GMT [30] LOG:  database system was interrupted; last known up at 2024-11-12 20:39:55 GMT
2024-11-17 22:15:03.628 GMT [30] LOG:  syncing data directory (pre-fsync), elapsed time: 10.00 s, current path: ./pg_multixact/members/0000
2024-11-17 22:15:10.106 GMT [30] LOG:  database system was not properly shut down; automatic recovery in progress
2024-11-17 22:15:10.170 GMT [30] LOG:  redo starts at 0/3B88B78
2024-11-17 22:15:10.170 GMT [30] LOG:  invalid record length at 0/3B88C80: expected at least 24, got 0
2024-11-17 22:15:10.170 GMT [30] LOG:  redo done at 0/3B88C48 system usage: CPU: user: 0.00 s, system: 0.00 s, elapsed: 0.00 s
2024-11-17 22:15:10.233 GMT [28] LOG:  checkpoint starting: end-of-recovery immediate wait
2024-11-17 22:15:10.327 GMT [28] LOG:  checkpoint complete: wrote 3 buffers (0.0%); 0 WAL file(s) added, 0 removed, 0 recycled; write=0.026 s, sync=0.011 s, total=0.100 s; sync files=2, longest=0.006 s, average=0.006 s; distance=0 kB, estimate=0 kB; lsn=0/3B88C80, redo lsn=0/3B88C80
2024-11-17 22:15:10.357 GMT [1] LOG:  database system is ready to accept connections
2024-11-17 22:34:49.388 GMT [1] LOG:  received fast shutdown request
2024-11-17 22:34:49.448 GMT [1] LOG:  aborting any active transactions
2024-11-17 22:34:50.252 GMT [1] LOG:  background worker "logical replication launcher" (PID 33) exited with exit code 1
2024-11-17 22:34:50.345 GMT [28] LOG:  shutting down
2024-11-17 22:34:50.470 GMT [28] LOG:  checkpoint starting: shutdown immediate
2024-11-17 22:34:50.643 GMT [28] LOG:  checkpoint complete: wrote 0 buffers (0.0%); 0 WAL file(s) added, 0 removed, 0 recycled; write=0.031 s, sync=0.001 s, total=0.232 s; sync files=0, longest=0.000 s, average=0.000 s; distance=0 kB, estimate=0 kB; lsn=0/3B88D30, redo lsn=0/3B88D30
2024-11-17 22:34:50.953 GMT [1] LOG:  database system is shut down
